F:\PROGRAMMING\DIRECTX\DIRECTX CLASSES\DEBUG\DIRECTX CLASSES.EXE
F:\PROGRAMMING\DIRECTX\DIRECTX CLASSES\DEBUG\DIRECTX CLASSES.ILK
F:\PROGRAMMING\DIRECTX\DIRECTX CLASSES\DEBUG\DIRECTX CLASSES.PDB
F:\PROGRAMMING\DIRECTX\DIRECTX CLASSES\DIRECTX CLASSES\DEBUG\BASEGAME.OBJ
F:\PROGRAMMING\DIRECTX\DIRECTX CLASSES\DIRECTX CLASSES\DEBUG\BLANKGAME.OBJ
F:\PROGRAMMING\DIRECTX\DIRECTX CLASSES\DIRECTX CLASSES\DEBUG\BUFFER.OBJ
F:\PROGRAMMING\DIRECTX\DIRECTX CLASSES\DIRECTX CLASSES\DEBUG\BUFFERDESCRIPTOR.OBJ
F:\Programming\DirectX\DirectX Classes\DirectX Classes\Debug\cl.command.1.tlog
F:\Programming\DirectX\DirectX Classes\DirectX Classes\Debug\CL.read.1.tlog
F:\Programming\DirectX\DirectX Classes\DirectX Classes\Debug\CL.write.1.tlog
F:\PROGRAMMING\DIRECTX\DIRECTX CLASSES\DIRECTX CLASSES\DEBUG\DEVICE.OBJ
F:\PROGRAMMING\DIRECTX\DIRECTX CLASSES\DIRECTX CLASSES\DEBUG\DEVICECONTEXT.OBJ
F:\PROGRAMMING\DIRECTX\DIRECTX CLASSES\DIRECTX CLASSES\DEBUG\DIRECTX CLASSES.EXE.INTERMEDIATE.MANIFEST
F:\Programming\DirectX\DirectX Classes\DirectX Classes\Debug\DirectX Classes.vcxprojResolveAssemblyReference.cache
F:\Programming\DirectX\DirectX Classes\DirectX Classes\Debug\DirectX Classes.write.1.tlog
F:\PROGRAMMING\DIRECTX\DIRECTX CLASSES\DIRECTX CLASSES\DEBUG\DIRECTXEXCEPTION.OBJ
F:\PROGRAMMING\DIRECTX\DIRECTX CLASSES\DIRECTX CLASSES\DEBUG\INPUTELEMENTDESCRIPTOR.OBJ
F:\PROGRAMMING\DIRECTX\DIRECTX CLASSES\DIRECTX CLASSES\DEBUG\INPUTLAYOUT.OBJ
F:\Programming\DirectX\DirectX Classes\DirectX Classes\Debug\link.command.1.tlog
F:\Programming\DirectX\DirectX Classes\DirectX Classes\Debug\link.read.1.tlog
F:\Programming\DirectX\DirectX Classes\DirectX Classes\Debug\link.write.1.tlog
F:\PROGRAMMING\DIRECTX\DIRECTX CLASSES\DIRECTX CLASSES\DEBUG\MAIN.OBJ
F:\Programming\DirectX\DirectX Classes\DirectX Classes\Debug\mt.command.1.tlog
F:\Programming\DirectX\DirectX Classes\DirectX Classes\Debug\mt.read.1.tlog
F:\Programming\DirectX\DirectX Classes\DirectX Classes\Debug\mt.write.1.tlog
F:\PROGRAMMING\DIRECTX\DIRECTX CLASSES\DIRECTX CLASSES\DEBUG\PIXELSHADER.OBJ
F:\PROGRAMMING\DIRECTX\DIRECTX CLASSES\DIRECTX CLASSES\DEBUG\RENDERTARGETVIEW.OBJ
F:\PROGRAMMING\DIRECTX\DIRECTX CLASSES\DIRECTX CLASSES\DEBUG\RESOURCE.OBJ
F:\PROGRAMMING\DIRECTX\DIRECTX CLASSES\DIRECTX CLASSES\DEBUG\SWAPCHAIN.OBJ
F:\PROGRAMMING\DIRECTX\DIRECTX CLASSES\DIRECTX CLASSES\DEBUG\SWAPCHAINDESCRIPTOR.OBJ
F:\PROGRAMMING\DIRECTX\DIRECTX CLASSES\DIRECTX CLASSES\DEBUG\TEXTURE2D.OBJ
F:\PROGRAMMING\DIRECTX\DIRECTX CLASSES\DIRECTX CLASSES\DEBUG\TRIANGLEGAME.OBJ
F:\Programming\DirectX\DirectX Classes\DirectX Classes\Debug\vc100.idb
F:\PROGRAMMING\DIRECTX\DIRECTX CLASSES\DIRECTX CLASSES\DEBUG\VC100.PDB
F:\PROGRAMMING\DIRECTX\DIRECTX CLASSES\DIRECTX CLASSES\DEBUG\VERTEXSHADER.OBJ
F:\PROGRAMMING\DIRECTX\DIRECTX CLASSES\DIRECTX CLASSES\DEBUG\VIEWPORT.OBJ
