Build started 17-05-2012 10:51:42 PM.
     1>Project "F:\Programming\DirectX\Game Programming\Game Programming\Game Programming.vcxproj" on node 2 (build target(s)).
     1>InitializeBuildStatus:
         Creating "Debug\Game Programming.unsuccessfulbuild" because "AlwaysCreate" was specified.
       ClCompile:
         C:\Program Files (x86)\Microsoft Visual Studio 10.0\VC\bin\CL.exe /c /ZI /nologo /W3 /WX- /Od /Oy- /D _MBCS /Gm /EHsc /RTC1 /MDd /GS /fp:precise /Zc:wchar_t /Zc:forScope /Fo"Debug\\" /Fd"Debug\vc100.pdb" /Gd /TP /analyze- /errorReport:prompt SpriteGame.cpp
         SpriteGame.cpp
       Link:
         C:\Program Files (x86)\Microsoft Visual Studio 10.0\VC\bin\link.exe /ERRORREPORT:PROMPT /OUT:"F:\Programming\DirectX\Game Programming\Debug\Game Programming.exe" /NOLOGO d3d11.lib d3dx11.lib kernel32.lib user32.lib gdi32.lib winspool.lib comdlg32.lib advapi32.lib shell32.lib ole32.lib oleaut32.lib uuid.lib odbc32.lib odbccp32.lib kernel32.lib user32.lib gdi32.lib winspool.lib comdlg32.lib advapi32.lib shell32.lib ole32.lib oleaut32.lib uuid.lib odbc32.lib odbccp32.lib /MANIFEST /ManifestFile:"Debug\Game Programming.exe.intermediate.manifest" /MANIFESTUAC:"level='asInvoker' uiAccess='false'" /DEBUG /PDB:"F:\Programming\DirectX\Game Programming\Debug\Game Programming.pdb" /TLBID:1 /DYNAMICBASE /NXCOMPAT /IMPLIB:"F:\Programming\DirectX\Game Programming\Debug\Game Programming.lib" /MACHINE:X86 Debug\BaseGame.obj
         Debug\BlankGame.obj
         Debug\Main.obj
         Debug\Sprite.obj
         Debug\SpriteGame.obj
         Debug\TextureGame.obj
         Debug\TriangleGame.obj
         LINK : F:\Programming\DirectX\Game Programming\Debug\Game Programming.exe not found or not built by the last incremental link; performing full link
         Game Programming.vcxproj -> F:\Programming\DirectX\Game Programming\Debug\Game Programming.exe
       Manifest:
         C:\Program Files (x86)\Microsoft SDKs\Windows\v7.0A\bin\mt.exe /nologo /verbose /outputresource:"F:\Programming\DirectX\Game Programming\Debug\Game Programming.exe;#1" /manifest "Debug\Game Programming.exe.intermediate.manifest"
       FinalizeBuildStatus:
         Deleting file "Debug\Game Programming.unsuccessfulbuild".
         Touching "Debug\Game Programming.lastbuildstate".
     1>Done Building Project "F:\Programming\DirectX\Game Programming\Game Programming\Game Programming.vcxproj" (build target(s)).

Build succeeded.

Time Elapsed 00:00:01.91
